#
# A fatal error has been detected by the Java Runtime Environment:
#
#  Internal Error (javaCalls.cpp:51), pid=24364, tid=0x0000000000000578
#  guarantee(thread->is_Java_thread()) failed: crucial check - the VM thread cannot and must not escape to Java code
#
# JRE version: Java(TM) SE Runtime Environment (8.0_181-b13) (build 1.8.0_181-b13)
# Java VM: Java HotSpot(TM) 64-Bit Server VM (25.181-b13 mixed mode windows-amd64 compressed oops)
# Failed to write core dump. Minidumps are not enabled by default on client versions of Windows
#
# If you would like to submit a bug report, please visit:
#   http://bugreport.java.com/bugreport/crash.jsp
#

---------------  T H R E A D  ---------------

Current thread (0x0000000018fe7800):  VMThread [stack: 0x000000001a070000,0x000000001a170000] [id=1400]

Stack: [0x000000001a070000,0x000000001a170000]
[error occurred during error reporting (printing stack bounds), id 0xc0000005]

Native frames: (J=compiled Java code, j=interpreted, Vv=VM code, C=native code)

VM_Operation (0x000000001aa9f210): GetOrSetLocal, mode: safepoint, requested by thread 0x0000000019033000


---------------  P R O C E S S  ---------------

Java Threads: ( => current thread )
  0x000000001ae3a000 JavaThread "Thread-9" daemon [_thread_in_native, id=19924, stack(0x0000000026400000,0x0000000026500000)]
  0x000000001ae3b000 JavaThread "Thread-8" daemon [_thread_in_native, id=15764, stack(0x0000000026300000,0x0000000026400000)]
  0x000000001ae3d000 JavaThread "Thread-7" [_thread_in_native, id=16604, stack(0x0000000026200000,0x0000000026300000)]
  0x000000001be50000 JavaThread "ReaderThread" [_thread_in_native, id=13940, stack(0x000000001ce70000,0x000000001cf70000)]
  0x000000001adf4800 JavaThread "Service Thread" daemon [_thread_blocked, id=22064, stack(0x000000001b3a0000,0x000000001b4a0000)]
  0x000000001907e000 JavaThread "C1 CompilerThread2" daemon [_thread_blocked, id=18596, stack(0x000000001b2a0000,0x000000001b3a0000)]
  0x000000001907d000 JavaThread "C2 CompilerThread1" daemon [_thread_blocked, id=28192, stack(0x000000001b1a0000,0x000000001b2a0000)]
  0x0000000019050000 JavaThread "C2 CompilerThread0" daemon [_thread_blocked, id=24184, stack(0x000000001aca0000,0x000000001ada0000)]
  0x0000000019044000 JavaThread "JDWP Command Reader" daemon [_thread_in_native, id=26968, stack(0x000000001aba0000,0x000000001aca0000)]
  0x0000000019042800 JavaThread "JDWP Event Helper Thread" daemon [_thread_blocked, id=15808, stack(0x000000001aaa0000,0x000000001aba0000)]
  0x0000000019033000 JavaThread "JDWP Transport Listener: dt_socket" daemon [_thread_blocked, id=2956, stack(0x000000001a9a0000,0x000000001aaa0000)]
  0x000000001902a000 JavaThread "Attach Listener" daemon [_thread_blocked, id=18708, stack(0x000000001a560000,0x000000001a660000)]
  0x0000000019029000 JavaThread "Signal Dispatcher" daemon [_thread_blocked, id=27500, stack(0x000000001a460000,0x000000001a560000)]
  0x0000000019010000 JavaThread "Finalizer" daemon [_thread_blocked, id=16420, stack(0x000000001a270000,0x000000001a370000)]
  0x00000000044f6000 JavaThread "Reference Handler" daemon [_thread_blocked, id=1480, stack(0x000000001a170000,0x000000001a270000)]
  0x0000000004407000 JavaThread "main" [_thread_blocked, id=15016, stack(0x00000000042c0000,0x00000000043c0000)]

Other Threads:
=>0x0000000018fe7800 VMThread [stack: 0x000000001a070000,0x000000001a170000] [id=1400]
  0x000000001ae3e800 WatcherThread [stack: 0x000000001b4a0000,0x000000001b5a0000] [id=20832]

VM state:at safepoint (normal execution)

VM Mutex/Monitor currently owned by a thread:  ([mutex/lock_event])
[0x00000000044034b0] Threads_lock - owner thread: 0x0000000018fe7800

Heap:
 PSYoungGen      total 57856K, used 27985K [0x00000000d5f80000, 0x00000000dc100000, 0x0000000100000000)
  eden space 48128K, 37% used [0x00000000d5f80000,0x00000000d7159870,0x00000000d8e80000)
  from space 9728K, 99% used [0x00000000d8e80000,0x00000000d97fade0,0x00000000d9800000)
  to   space 12288K, 0% used [0x00000000db500000,0x00000000db500000,0x00000000dc100000)
 ParOldGen       total 46080K, used 12160K [0x0000000081e00000, 0x0000000084b00000, 0x00000000d5f80000)
  object space 46080K, 26% used [0x0000000081e00000,0x00000000829e0170,0x0000000084b00000)
 Metaspace       used 29597K, capacity 30820K, committed 31104K, reserved 1075200K
  class space    used 3965K, capacity 4414K, committed 4480K, reserved 1048576K

Card table byte_map: [0x00000000138c0000,0x0000000013cc0000] byte_map_base: 0x00000000134b1000

Marking Bits: (ParMarkBitMap*) 0x000000005b8f2d00
 Begin Bits: [0x0000000014370000, 0x00000000162f8000)
 End Bits:   [0x00000000162f8000, 0x0000000018280000)

Polling page: 0x00000000001d0000

CodeCache: size=245760Kb used=11375Kb max_used=11638Kb free=234384Kb
 bounds [0x0000000004500000, 0x0000000005070000, 0x0000000013500000]
 total_blobs=3438 nmethods=2723 adapters=634
 compilation: enabled

Compilation events (10 events):
Event: 44.015 Thread 0x000000001907e000 2892       3       gherkin.deps.com.google.gson.internal.$Gson$Types::canonicalize (136 bytes)
Event: 44.016 Thread 0x000000001907e000 nmethod 2892 0x0000000004643390 code [0x0000000004643640, 0x00000000046449e8]
Event: 44.018 Thread 0x000000001907d000 nmethod 2886 0x000000000463f690 code [0x000000000463f7e0, 0x000000000463fd78]
Event: 44.061 Thread 0x0000000019050000 nmethod 2882 0x00000000047341d0 code [0x0000000004734420, 0x0000000004736730]
Event: 132.165 Thread 0x000000001907e000 2893       1       java.util.regex.Pattern::flags (5 bytes)
Event: 132.166 Thread 0x000000001907e000 nmethod 2893 0x00000000047dd790 code [0x00000000047dd8e0, 0x00000000047dd9f0]
Event: 132.166 Thread 0x000000001907e000 2894       3       gherkin.deps.com.google.gson.internal.$Gson$Preconditions::checkNotNull (14 bytes)
Event: 132.167 Thread 0x000000001907e000 nmethod 2894 0x0000000004625a50 code [0x0000000004625bc0, 0x0000000004625de8]
Event: 132.168 Thread 0x000000001907e000 2895       3       gherkin.deps.com.google.gson.internal.$Gson$Types::getRawType (157 bytes)
Event: 132.173 Thread 0x000000001907e000 nmethod 2895 0x0000000004640550 code [0x00000000046408c0, 0x0000000004642948]

GC Heap History (10 events):
Event: 6.750 GC heap before
{Heap before GC invocations=4 (full 0):
 PSYoungGen      total 38400K, used 26539K [0x00000000d5f80000, 0x00000000d8a00000, 0x0000000100000000)
  eden space 33280K, 64% used [0x00000000d5f80000,0x00000000d746ee50,0x00000000d8000000)
  from space 5120K, 99% used [0x00000000d8000000,0x00000000d84fc020,0x00000000d8500000)
  to   space 5120K, 0% used [0x00000000d8500000,0x00000000d8500000,0x00000000d8a00000)
 ParOldGen       total 87552K, used 3676K [0x0000000081e00000, 0x0000000087380000, 0x00000000d5f80000)
  object space 87552K, 4% used [0x0000000081e00000,0x0000000082197330,0x0000000087380000)
 Metaspace       used 20904K, capacity 21202K, committed 21296K, reserved 1067008K
  class space    used 2834K, capacity 2929K, committed 2944K, reserved 1048576K
Event: 6.757 GC heap after
Heap after GC invocations=4 (full 0):
 PSYoungGen      total 38400K, used 5107K [0x00000000d5f80000, 0x00000000d8a00000, 0x0000000100000000)
  eden space 33280K, 0% used [0x00000000d5f80000,0x00000000d5f80000,0x00000000d8000000)
  from space 5120K, 99% used [0x00000000d8500000,0x00000000d89fcf70,0x00000000d8a00000)
  to   space 5120K, 0% used [0x00000000d8000000,0x00000000d8000000,0x00000000d8500000)
 ParOldGen       total 87552K, used 6515K [0x0000000081e00000, 0x0000000087380000, 0x00000000d5f80000)
  object space 87552K, 7% used [0x0000000081e00000,0x000000008245cf88,0x0000000087380000)
 Metaspace       used 20904K, capacity 21202K, committed 21296K, reserved 1067008K
  class space    used 2834K, capacity 2929K, committed 2944K, reserved 1048576K
}
Event: 6.757 GC heap before
{Heap before GC invocations=5 (full 1):
 PSYoungGen      total 38400K, used 5107K [0x00000000d5f80000, 0x00000000d8a00000, 0x0000000100000000)
  eden space 33280K, 0% used [0x00000000d5f80000,0x00000000d5f80000,0x00000000d8000000)
  from space 5120K, 99% used [0x00000000d8500000,0x00000000d89fcf70,0x00000000d8a00000)
  to   space 5120K, 0% used [0x00000000d8000000,0x00000000d8000000,0x00000000d8500000)
 ParOldGen       total 87552K, used 6515K [0x0000000081e00000, 0x0000000087380000, 0x00000000d5f80000)
  object space 87552K, 7% used [0x0000000081e00000,0x000000008245cf88,0x0000000087380000)
 Metaspace       used 20904K, capacity 21202K, committed 21296K, reserved 1067008K
  class space    used 2834K, capacity 2929K, committed 2944K, reserved 1048576K
Event: 6.797 GC heap after
Heap after GC invocations=5 (full 1):
 PSYoungGen      total 38400K, used 0K [0x00000000d5f80000, 0x00000000d8a00000, 0x0000000100000000)
  eden space 33280K, 0% used [0x00000000d5f80000,0x00000000d5f80000,0x00000000d8000000)
  from space 5120K, 0% used [0x00000000d8500000,0x00000000d8500000,0x00000000d8a00000)
  to   space 5120K, 0% used [0x00000000d8000000,0x00000000d8000000,0x00000000d8500000)
 ParOldGen       total 46080K, used 8470K [0x0000000081e00000, 0x0000000084b00000, 0x00000000d5f80000)
  object space 46080K, 18% used [0x0000000081e00000,0x00000000826458c8,0x0000000084b00000)
 Metaspace       used 20904K, capacity 21202K, committed 21296K, reserved 1067008K
  class space    used 2834K, capacity 2929K, committed 2944K, reserved 1048576K
}
Event: 7.925 GC heap before
{Heap before GC invocations=6 (full 1):
 PSYoungGen      total 38400K, used 33280K [0x00000000d5f80000, 0x00000000d8a00000, 0x0000000100000000)
  eden space 33280K, 100% used [0x00000000d5f80000,0x00000000d8000000,0x00000000d8000000)
  from space 5120K, 0% used [0x00000000d8500000,0x00000000d8500000,0x00000000d8a00000)
  to   space 5120K, 0% used [0x00000000d8000000,0x00000000d8000000,0x00000000d8500000)
 ParOldGen       total 46080K, used 8470K [0x0000000081e00000, 0x0000000084b00000, 0x00000000d5f80000)
  object space 46080K, 18% used [0x0000000081e00000,0x00000000826458c8,0x0000000084b00000)
 Metaspace       used 24892K, capacity 25264K, committed 25344K, reserved 1071104K
  class space    used 3205K, capacity 3323K, committed 3328K, reserved 1048576K
Event: 7.934 GC heap after
Heap after GC invocations=6 (full 1):
 PSYoungGen      total 38400K, used 5109K [0x00000000d5f80000, 0x00000000da100000, 0x0000000100000000)
  eden space 33280K, 0% used [0x00000000d5f80000,0x00000000d5f80000,0x00000000d8000000)
  from space 5120K, 99% used [0x00000000d8000000,0x00000000d84fd7c8,0x00000000d8500000)
  to   space 9216K, 0% used [0x00000000d9800000,0x00000000d9800000,0x00000000da100000)
 ParOldGen       total 46080K, used 9124K [0x0000000081e00000, 0x0000000084b00000, 0x00000000d5f80000)
  object space 46080K, 19% used [0x0000000081e00000,0x00000000826e9100,0x0000000084b00000)
 Metaspace       used 24892K, capacity 25264K, committed 25344K, reserved 1071104K
  class space    used 3205K, capacity 3323K, committed 3328K, reserved 1048576K
}
Event: 8.578 GC heap before
{Heap before GC invocations=7 (full 1):
 PSYoungGen      total 38400K, used 38389K [0x00000000d5f80000, 0x00000000da100000, 0x0000000100000000)
  eden space 33280K, 100% used [0x00000000d5f80000,0x00000000d8000000,0x00000000d8000000)
  from space 5120K, 99% used [0x00000000d8000000,0x00000000d84fd7c8,0x00000000d8500000)
  to   space 9216K, 0% used [0x00000000d9800000,0x00000000d9800000,0x00000000da100000)
 ParOldGen       total 46080K, used 9124K [0x0000000081e00000, 0x0000000084b00000, 0x00000000d5f80000)
  object space 46080K, 19% used [0x0000000081e00000,0x00000000826e9100,0x0000000084b00000)
 Metaspace       used 26388K, capacity 27164K, committed 27392K, reserved 1073152K
  class space    used 3509K, capacity 3819K, committed 3840K, reserved 1048576K
Event: 8.594 GC heap after
Heap after GC invocations=7 (full 1):
 PSYoungGen      total 57344K, used 7907K [0x00000000d5f80000, 0x00000000da780000, 0x0000000100000000)
  eden space 48128K, 0% used [0x00000000d5f80000,0x00000000d5f80000,0x00000000d8e80000)
  from space 9216K, 85% used [0x00000000d9800000,0x00000000d9fb8e50,0x00000000da100000)
  to   space 9728K, 0% used [0x00000000d8e80000,0x00000000d8e80000,0x00000000d9800000)
 ParOldGen       total 46080K, used 9124K [0x0000000081e00000, 0x0000000084b00000, 0x00000000d5f80000)
  object space 46080K, 19% used [0x0000000081e00000,0x00000000826e9100,0x0000000084b00000)
 Metaspace       used 26388K, capacity 27164K, committed 27392K, reserved 1073152K
  class space    used 3509K, capacity 3819K, committed 3840K, reserved 1048576K
}
Event: 21.256 GC heap before
{Heap before GC invocations=8 (full 1):
 PSYoungGen      total 57344K, used 56035K [0x00000000d5f80000, 0x00000000da780000, 0x0000000100000000)
  eden space 48128K, 100% used [0x00000000d5f80000,0x00000000d8e80000,0x00000000d8e80000)
  from space 9216K, 85% used [0x00000000d9800000,0x00000000d9fb8e50,0x00000000da100000)
  to   space 9728K, 0% used [0x00000000d8e80000,0x00000000d8e80000,0x00000000d9800000)
 ParOldGen       total 46080K, used 9124K [0x0000000081e00000, 0x0000000084b00000, 0x00000000d5f80000)
  object space 46080K, 19% used [0x0000000081e00000,0x00000000826e9100,0x0000000084b00000)
 Metaspace       used 28943K, capacity 30144K, committed 30208K, reserved 1075200K
  class space    used 3897K, capacity 4344K, committed 4352K, reserved 1048576K
Event: 21.270 GC heap after
Heap after GC invocations=8 (full 1):
 PSYoungGen      total 57856K, used 9707K [0x00000000d5f80000, 0x00000000dc100000, 0x0000000100000000)
  eden space 48128K, 0% used [0x00000000d5f80000,0x00000000d5f80000,0x00000000d8e80000)
  from space 9728K, 99% used [0x00000000d8e80000,0x00000000d97fade0,0x00000000d9800000)
  to   space 12288K, 0% used [0x00000000db500000,0x00000000db500000,0x00000000dc100000)
 ParOldGen       total 46080K, used 12160K [0x0000000081e00000, 0x0000000084b00000, 0x00000000d5f80000)
  object space 46080K, 26% used [0x0000000081e00000,0x00000000829e0170,0x0000000084b00000)
 Metaspace       used 28943K, capacity 30144K, committed 30208K, reserved 1075200K
  class space    used 3897K, capacity 4344K, committed 4352K, reserved 1048576K
}

Deoptimization events (10 events):
Event: 11.112 Thread 0x0000000004407000 Uncommon trap: reason=range_check action=none pc=0x00000000047c249c method=sun.reflect.generics.parser.SignatureParser.current()C @ 34
Event: 11.112 Thread 0x0000000004407000 Uncommon trap: reason=range_check action=none pc=0x00000000047c249c method=sun.reflect.generics.parser.SignatureParser.current()C @ 34
Event: 11.126 Thread 0x0000000004407000 Uncommon trap: reason=range_check action=none pc=0x00000000047c249c method=sun.reflect.generics.parser.SignatureParser.current()C @ 34
Event: 11.128 Thread 0x0000000004407000 Uncommon trap: reason=range_check action=none pc=0x00000000047c249c method=sun.reflect.generics.parser.SignatureParser.current()C @ 34
Event: 11.128 Thread 0x0000000004407000 Uncommon trap: reason=range_check action=none pc=0x00000000047c249c method=sun.reflect.generics.parser.SignatureParser.current()C @ 34
Event: 12.926 Thread 0x0000000004407000 Uncommon trap: reason=range_check action=make_not_entrant pc=0x0000000004a9bf24 method=java.lang.String.charAt(I)C @ 27
Event: 15.613 Thread 0x0000000004407000 Uncommon trap: reason=bimorphic action=maybe_recompile pc=0x000000000481cb14 method=java.util.HashMap.putVal(ILjava/lang/Object;Ljava/lang/Object;ZZ)Ljava/lang/Object; @ 253
Event: 15.613 Thread 0x0000000004407000 Uncommon trap: reason=bimorphic action=maybe_recompile pc=0x000000000481cb14 method=java.util.HashMap.putVal(ILjava/lang/Object;Ljava/lang/Object;ZZ)Ljava/lang/Object; @ 253
Event: 16.761 Thread 0x0000000004407000 Uncommon trap: reason=class_check action=maybe_recompile pc=0x00000000049b87ec method=java.util.regex.Pattern$Curly.match(Ljava/util/regex/Matcher;ILjava/lang/CharSequence;)Z @ 19
Event: 16.761 Thread 0x0000000004407000 Uncommon trap: reason=class_check action=maybe_recompile pc=0x00000000049b87ec method=java.util.regex.Pattern$Curly.match(Ljava/util/regex/Matcher;ILjava/lang/CharSequence;)Z @ 19

Classes redefined (1 events):
Event: 228.613 Thread 0x0000000018fe7800 redefined class name=library.CommonLib, count=1

Internal exceptions (10 events):
Event: 82.227 Thread 0x0000000004407000 Exception <a 'java/net/SocketTimeoutException': Read timed out> (0x00000000d6719298) thrown at [C:\re\workspace\8-2-build-windows-amd64-cygwin\jdk8u181\11358\hotspot\src\share\vm\prims\jni.cpp, line 735]
Event: 82.231 Thread 0x0000000004407000 Exception <a 'java/net/SocketTimeoutException': Read timed out> (0x00000000d6719940) thrown at [C:\re\workspace\8-2-build-windows-amd64-cygwin\jdk8u181\11358\hotspot\src\share\vm\prims\jni.cpp, line 735]
Event: 84.081 Thread 0x0000000004407000 Exception <a 'java/net/SocketTimeoutException': Read timed out> (0x00000000d6727738) thrown at [C:\re\workspace\8-2-build-windows-amd64-cygwin\jdk8u181\11358\hotspot\src\share\vm\prims\jni.cpp, line 735]
Event: 84.153 Thread 0x0000000004407000 Exception <a 'java/net/SocketTimeoutException': Read timed out> (0x00000000d6736fd8) thrown at [C:\re\workspace\8-2-build-windows-amd64-cygwin\jdk8u181\11358\hotspot\src\share\vm\prims\jni.cpp, line 735]
Event: 97.188 Thread 0x0000000004407000 Exception <a 'java/net/SocketTimeoutException': Read timed out> (0x00000000d67431c0) thrown at [C:\re\workspace\8-2-build-windows-amd64-cygwin\jdk8u181\11358\hotspot\src\share\vm\prims\jni.cpp, line 735]
Event: 97.208 Thread 0x0000000004407000 Exception <a 'java/net/SocketTimeoutException': Read timed out> (0x00000000d6743868) thrown at [C:\re\workspace\8-2-build-windows-amd64-cygwin\jdk8u181\11358\hotspot\src\share\vm\prims\jni.cpp, line 735]
Event: 100.477 Thread 0x0000000004407000 Exception <a 'java/net/SocketTimeoutException': Read timed out> (0x00000000d6bbb5c8) thrown at [C:\re\workspace\8-2-build-windows-amd64-cygwin\jdk8u181\11358\hotspot\src\share\vm\prims\jni.cpp, line 735]
Event: 100.481 Thread 0x0000000004407000 Exception <a 'java/net/SocketTimeoutException': Read timed out> (0x00000000d6bbbc70) thrown at [C:\re\workspace\8-2-build-windows-amd64-cygwin\jdk8u181\11358\hotspot\src\share\vm\prims\jni.cpp, line 735]
Event: 146.715 Thread 0x0000000004407000 Exception <a 'java/net/SocketTimeoutException': Read timed out> (0x00000000d7063c20) thrown at [C:\re\workspace\8-2-build-windows-amd64-cygwin\jdk8u181\11358\hotspot\src\share\vm\prims\jni.cpp, line 735]
Event: 146.735 Thread 0x0000000004407000 Exception <a 'java/net/SocketTimeoutException': Read timed out> (0x00000000d70642c8) thrown at [C:\re\workspace\8-2-build-windows-amd64-cygwin\jdk8u181\11358\hotspot\src\share\vm\prims\jni.cpp, line 735]

Events (10 events):
Event: 228.670 Executing VM operation: GetCurrentContendedMonitor done
Event: 228.670 Executing VM operation: GetOwnedMonitorInfo
Event: 228.670 Executing VM operation: GetOwnedMonitorInfo done
Event: 228.670 Executing VM operation: GetCurrentContendedMonitor
Event: 228.670 Executing VM operation: GetCurrentContendedMonitor done
Event: 228.671 Executing VM operation: GetCurrentContendedMonitor
Event: 228.671 Executing VM operation: GetCurrentContendedMonitor done
Event: 228.671 Executing VM operation: GetOwnedMonitorInfo
Event: 228.671 Executing VM operation: GetOwnedMonitorInfo done
Event: 228.717 Executing VM operation: GetOrSetLocal


Dynamic libraries:
0x00007ff60a690000 - 0x00007ff60a6c7000 	C:\Program Files\Java\jre1.8.0_181\bin\javaw.exe
0x00007ff834b00000 - 0x00007ff834ce0000 	C:\WINDOWS\SYSTEM32\ntdll.dll
0x00007ff832070000 - 0x00007ff83211e000 	C:\WINDOWS\System32\KERNEL32.DLL
0x00007ff831d60000 - 0x00007ff831fc6000 	C:\WINDOWS\System32\KERNELBASE.dll
0x00007ff832b10000 - 0x00007ff832bb1000 	C:\WINDOWS\System32\ADVAPI32.dll
0x00007ff831fd0000 - 0x00007ff83206d000 	C:\WINDOWS\System32\msvcrt.dll
0x00007ff834940000 - 0x00007ff83499b000 	C:\WINDOWS\System32\sechost.dll
0x00007ff832150000 - 0x00007ff83226f000 	C:\WINDOWS\System32\RPCRT4.dll
0x00007ff834000000 - 0x00007ff83418f000 	C:\WINDOWS\System32\USER32.dll
0x00007ff831d40000 - 0x00007ff831d60000 	C:\WINDOWS\System32\win32u.dll
0x00007ff832410000 - 0x00007ff832438000 	C:\WINDOWS\System32\GDI32.dll
0x00007ff831ba0000 - 0x00007ff831d33000 	C:\WINDOWS\System32\gdi32full.dll
0x00007ff831b00000 - 0x00007ff831b9b000 	C:\WINDOWS\System32\msvcp_win.dll
0x00007ff830f00000 - 0x00007ff830ff5000 	C:\WINDOWS\System32\ucrtbase.dll
0x00007ff820da0000 - 0x00007ff821009000 	C:\WINDOWS\WinSxS\amd64_microsoft.windows.common-controls_6595b64144ccf1df_6.0.16299.551_none_15c7d58c93659c3c\COMCTL32.dll
0x00007ff8325f0000 - 0x00007ff8328f7000 	C:\WINDOWS\System32\combase.dll
0x00007ff831110000 - 0x00007ff831182000 	C:\WINDOWS\System32\bcryptPrimitives.dll
0x00007ff832120000 - 0x00007ff83214d000 	C:\WINDOWS\System32\IMM32.DLL
0x000000005bc20000 - 0x000000005bcf2000 	C:\Program Files\Java\jre1.8.0_181\bin\msvcr100.dll
0x000000005b0d0000 - 0x000000005b972000 	C:\Program Files\Java\jre1.8.0_181\bin\server\jvm.dll
0x00007ff832900000 - 0x00007ff832908000 	C:\WINDOWS\System32\PSAPI.DLL
0x00007ff81f060000 - 0x00007ff81f06a000 	C:\WINDOWS\SYSTEM32\VERSION.dll
0x00007ff82bf60000 - 0x00007ff82bf69000 	C:\WINDOWS\SYSTEM32\WSOCK32.dll
0x00007ff82b280000 - 0x00007ff82b2a3000 	C:\WINDOWS\SYSTEM32\WINMM.dll
0x0000000002940000 - 0x00000000029ac000 	C:\WINDOWS\System32\ws2_32.DLL
0x00007ff82b250000 - 0x00007ff82b27a000 	C:\WINDOWS\SYSTEM32\winmmbase.dll
0x00007ff831360000 - 0x00007ff8313aa000 	C:\WINDOWS\System32\cfgmgr32.dll
0x000000005bf10000 - 0x000000005bf1f000 	C:\Program Files\Java\jre1.8.0_181\bin\verify.dll
0x000000005bee0000 - 0x000000005bf09000 	C:\Program Files\Java\jre1.8.0_181\bin\java.dll
0x000000005bdf0000 - 0x000000005be25000 	C:\Program Files\Java\jre1.8.0_181\bin\jdwp.dll
0x000000005bde0000 - 0x000000005bde8000 	C:\Program Files\Java\jre1.8.0_181\bin\npt.dll
0x000000005bec0000 - 0x000000005bed6000 	C:\Program Files\Java\jre1.8.0_181\bin\zip.dll
0x00007ff832bc0000 - 0x00007ff833ff8000 	C:\WINDOWS\System32\SHELL32.dll
0x00007ff8346c0000 - 0x00007ff834766000 	C:\WINDOWS\System32\shcore.dll
0x00007ff8313b0000 - 0x00007ff831af7000 	C:\WINDOWS\System32\windows.storage.dll
0x00007ff834190000 - 0x00007ff8341e1000 	C:\WINDOWS\System32\shlwapi.dll
0x00007ff830e70000 - 0x00007ff830e81000 	C:\WINDOWS\System32\kernel.appcore.dll
0x00007ff830eb0000 - 0x00007ff830efc000 	C:\WINDOWS\System32\powrprof.dll
0x00007ff830e50000 - 0x00007ff830e6b000 	C:\WINDOWS\System32\profapi.dll
0x00007ff80e190000 - 0x00007ff80e1f2000 	C:\Program Files\Manufacturer\Endpoint Agent\prntm64.dll
0x00007ff834790000 - 0x00007ff8348d9000 	C:\WINDOWS\System32\ole32.dll
0x000000005d860000 - 0x000000005d8f8000 	C:\WINDOWS\SYSTEM32\MSVCP100.dll
0x00007ff81c0b0000 - 0x00007ff81c136000 	C:\WINDOWS\SYSTEM32\WINSPOOL.DRV
0x00007ff820bc0000 - 0x00007ff820bcc000 	C:\WINDOWS\SYSTEM32\Secur32.dll
0x00007ff830470000 - 0x00007ff8304a9000 	C:\WINDOWS\SYSTEM32\IPHLPAPI.DLL
0x00007ff830d50000 - 0x00007ff830d80000 	C:\WINDOWS\SYSTEM32\SSPICLI.DLL
0x00007ff8309b0000 - 0x00007ff8309d5000 	C:\WINDOWS\SYSTEM32\bcrypt.dll
0x000000005bdd0000 - 0x000000005bdd9000 	C:\Program Files\Java\jre1.8.0_181\bin\dt_socket.dll
0x00007ff81aa50000 - 0x00007ff81aa66000 	C:\WINDOWS\system32\napinsp.dll
0x00007ff81aa10000 - 0x00007ff81aa2a000 	C:\WINDOWS\system32\pnrpnsp.dll
0x00007ff82d6d0000 - 0x00007ff82d6e8000 	C:\WINDOWS\system32\NLAapi.dll
0x00007ff8306e0000 - 0x00007ff830746000 	C:\WINDOWS\System32\mswsock.dll
0x00007ff8304b0000 - 0x00007ff830566000 	C:\WINDOWS\SYSTEM32\DNSAPI.dll
0x00007ff834260000 - 0x00007ff834268000 	C:\WINDOWS\System32\NSI.dll
0x00007ff81efb0000 - 0x00007ff81efbe000 	C:\WINDOWS\System32\winrnr.dll
0x00007ff82b200000 - 0x00007ff82b215000 	C:\WINDOWS\System32\wshbth.dll
0x00007ff82cb10000 - 0x00007ff82cb80000 	C:\WINDOWS\System32\fwpuclnt.dll
0x00007ff825c10000 - 0x00007ff825c1a000 	C:\Windows\System32\rasadhlp.dll
0x000000005bea0000 - 0x000000005beba000 	C:\Program Files\Java\jre1.8.0_181\bin\net.dll
0x00007ff8308a0000 - 0x00007ff8308b7000 	C:\WINDOWS\SYSTEM32\CRYPTSP.dll
0x00007ff830060000 - 0x00007ff830093000 	C:\WINDOWS\system32\rsaenh.dll
0x00007ff830d80000 - 0x00007ff830da9000 	C:\WINDOWS\SYSTEM32\USERENV.dll
0x00007ff8308c0000 - 0x00007ff8308cb000 	C:\WINDOWS\SYSTEM32\CRYPTBASE.dll
0x00007ff82c950000 - 0x00007ff82c966000 	C:\WINDOWS\SYSTEM32\dhcpcsvc6.DLL
0x00007ff82c930000 - 0x00007ff82c94a000 	C:\WINDOWS\SYSTEM32\dhcpcsvc.DLL
0x000000005be80000 - 0x000000005be91000 	C:\Program Files\Java\jre1.8.0_181\bin\nio.dll
0x000000005be50000 - 0x000000005be74000 	C:\Program Files\Java\jre1.8.0_181\bin\sunec.dll
0x000000005be40000 - 0x000000005be4b000 	C:\Program Files\Java\jre1.8.0_181\bin\sunmscapi.dll
0x00007ff831190000 - 0x00007ff83135e000 	C:\WINDOWS\System32\CRYPT32.dll
0x00007ff830e90000 - 0x00007ff830ea2000 	C:\WINDOWS\System32\MSASN1.dll

VM Arguments:
jvm_args: -agentlib:jdwp=transport=dt_socket,suspend=y,address=localhost:63965 -ea -Dfile.encoding=UTF-8 
java_command: org.testng.remote.RemoteTestNG -serport 63964 -protocol json -d C:\Users\nidhpal\git\ACE_git\ACE_AutomationProject\test-output C:\Users\nidhpal\AppData\Local\Temp\testng-eclipse--1125782616\testng-customsuite.xml
java_class_path (initial): C:\Users\nidhpal\eclipse\java-oxygen\eclipse\configuration\org.eclipse.osgi\688\0\.cp\lib\testng-remote.jar;C:\Program Files\Java\jre1.8.0_181\lib\resources.jar;C:\Program Files\Java\jre1.8.0_181\lib\rt.jar;C:\Program Files\Java\jre1.8.0_181\lib\jsse.jar;C:\Program Files\Java\jre1.8.0_181\lib\jce.jar;C:\Program Files\Java\jre1.8.0_181\lib\charsets.jar;C:\Program Files\Java\jre1.8.0_181\lib\jfr.jar;C:\Program Files\Java\jre1.8.0_181\lib\ext\access-bridge-64.jar;C:\Program Files\Java\jre1.8.0_181\lib\ext\cldrdata.jar;C:\Program Files\Java\jre1.8.0_181\lib\ext\dnsns.jar;C:\Program Files\Java\jre1.8.0_181\lib\ext\jaccess.jar;C:\Program Files\Java\jre1.8.0_181\lib\ext\jfxrt.jar;C:\Program Files\Java\jre1.8.0_181\lib\ext\localedata.jar;C:\Program Files\Java\jre1.8.0_181\lib\ext\nashorn.jar;C:\Program Files\Java\jre1.8.0_181\lib\ext\sunec.jar;C:\Program Files\Java\jre1.8.0_181\lib\ext\sunjce_provider.jar;C:\Program Files\Java\jre1.8.0_181\lib\ext\sunmscapi.jar;C:\Program Files\Java\jre1.8.0_181\lib\ext\sunpkcs11.jar;C:\Program Files\Java\jre1.8.0_181\lib\ext\zipfs.jar;C:\Users\nidhpal\git\ACE_git\ACE_AutomationProject\target\test-classes;C:\Users\nidhpal\git\ACE_git\ACE_AutomationProject\target\classes;C:\Users\nidhpal\.m2\repository\junit\junit\4.12\junit-4.12.jar;C:\Users\nidhpal\.m2\repository\org\hamcrest\hamcrest-core\1.3\hamcrest-core-1.3.jar;C:\Users\nidhpal\.m2\repository\com\vimalselvam\cucumber-extentsreport\3.0.2\cucumber-extentsreport-3.0.2.jar;C:\Users\nidhpal\.m2\repository\com\aventstack\extentreports\3.1.2\extentreports-3.1.2.jar;C:\Users\nidhpal\.m2\repository\org\freemarker\freemarker\2.3.23\freemarker-2.3.23.jar;C:\Users\nidhpal\.m2\repository\org\mongodb\mongodb-driver\3.3.0\mongodb-driver-3.3.0.jar;C:\Users\nidhpal\.m2\repository\org\mongodb\bson\3.3.0\bson-3.3.0.jar;C:\Users\nidhpal\.m2\repository\org\mongodb\mongodb-driver-core\3.3.0\mongodb-driver-core-3.3.0.jar;C:\Users\nidhpal\.m2\repository\org\apache\httpcomponents\h
Launcher Type: SUN_STANDARD

Environment Variables:
JAVA_HOME=C:\Program Files (x86)\Java\jdk-8u181-windows-x64.exe
PATH=C:/Program Files/Java/jre1.8.0_181/bin/server;C:/Program Files/Java/jre1.8.0_181/bin;C:/Program Files/Java/jre1.8.0_181/lib/amd64;C:\WINDOWS\system32;C:\WINDOWS;C:\WINDOWS\System32\Wbem;C:\Program Files (x86)\Common Files\Oracle\Java\javapath;C:\ProgramData\Oracle\Java\javapath;C:\Program Files (x86)\Intel\iCLS Client\;C:\Program Files\Intel\iCLS Client\;C:\WINDOWS\system32;C:\WINDOWS;C:\WINDOWS\System32\Wbem;C:\WINDOWS\System32\WindowsPowerShell\v1.0\;C:\Program Files (x86)\Intel\Intel(R) Management Engine Components\DAL;C:\Program Files\Intel\Intel(R) Management Engine Components\DAL;C:\Program Files (x86)\Intel\Intel(R) Management Engine Components\IPT;C:\Program Files\Intel\Intel(R) Management Engine Components\IPT;C:\Users\nidhpal\AppData\Local\Microsoft\WindowsApps;C:\Users\nidhpal\AppData\Local\Microsoft\WindowsApps;C:\Program Files (x86)\Java;;C:\WINDOWS\system32;
USERNAME=nidhpal
OS=Windows_NT
PROCESSOR_IDENTIFIER=Intel64 Family 6 Model 142 Stepping 9, GenuineIntel



---------------  S Y S T E M  ---------------

OS: Windows 10.0 , 64 bit Build 16299 (10.0.16299.431)

CPU:total 4 (initial active 4) (2 cores per cpu, 2 threads per core) family 6 model 142 stepping 9, cmov, cx8, fxsr, mmx, sse, sse2, sse3, ssse3, sse4.1, sse4.2, popcnt, avx, avx2, aes, clmul, erms, rtm, 3dnowpref, lzcnt, ht, tsc, tscinvbit, bmi1, bmi2, adx

Memory: 4k page, physical 8264904k(1014008k free), swap 15604936k(3130040k free)

vm_info: Java HotSpot(TM) 64-Bit Server VM (25.181-b13) for windows-amd64 JRE (1.8.0_181-b13), built on Jul  7 2018 04:01:33 by "java_re" with MS VC++ 10.0 (VS2010)

time: Wed Aug 22 23:26:54 2018
elapsed time: 228 seconds (0d 0h 3m 48s)

